<?xml version="1.0" encoding="utf-8"?><testsuites name="pytest tests"><testsuite name="pytest" errors="0" failures="0" skipped="0" tests="18" time="1.560" timestamp="2026-07-12T00:28:43.936559+00:00" hostname="agent-env-1d6da79b-560e-4a67-b0e5-2191439ddf66"><testcase classname="tests.test_ec6_portal_docs" name="test_portal_identity_create_and_permission_preset" time="0.041" /><testcase classname="tests.test_ec6_portal_payment" name="test_portal_payment_end_to_end_via_ec4" time="0.066" /><testcase classname="tests.test_ec6_portal_docs" name="test_staff_route_rejects_portal_token" time="0.004" /><testcase classname="tests.test_ec6_portal_docs" name="test_portal_route_rejects_staff_token" time="0.005" /><testcase classname="tests.test_ec6_portal_docs" name="test_portal_customer_scope" time="0.009" /><testcase classname="tests.test_ec6_portal_docs" name="test_public_action_token_full_lifecycle" time="0.011" /><testcase classname="tests.test_ec6_portal_payment" name="test_portal_payment_void_blocked" time="0.008" /><testcase classname="tests.test_ec6_portal_docs" name="test_public_action_token_action_mismatch" time="0.006" /><testcase classname="tests.test_ec6_portal_payment" name="test_portal_payment_overpayment_blocked" time="0.008" /><testcase classname="tests.test_ec6_portal_docs" name="test_approval_writes_and_dual_parent" time="0.005" /><testcase classname="tests.test_ec6_portal_payment" name="test_portal_payment_fully_paid_blocked" time="0.007" /><testcase classname="tests.test_ec6_portal_docs" name="test_cross_tenant_ec6" time="0.006" /><testcase classname="tests.test_ec6_portal_docs" name="test_magic_link_login_flow" time="0.006" /><testcase classname="tests.test_ec6_portal_payment" name="test_portal_payment_cross_customer_404" time="0.004" /><testcase classname="tests.test_ec6_portal_payment" name="test_portal_payment_requires_permission" time="0.005" /><testcase classname="tests.test_ec6_portal_docs" name="test_document_share_token_mint_and_revoke" time="0.018" /><testcase classname="tests.test_ec6_portal_payment" name="test_manual_payment_appears_readonly_in_portal_history" time="0.025" /><testcase classname="tests.test_ec6_portal_docs" name="test_public_quote_request" time="0.012" /></testsuite></testsuites>