<?xml version="1.0" encoding="utf-8"?><testsuites name="pytest tests"><testsuite name="pytest" errors="0" failures="0" skipped="0" tests="14" time="1.913" timestamp="2026-07-12T07:39:05.843810+00:00" hostname="agent-env-9f7008ee-1516-4797-8e67-c54d00f84638"><testcase classname="tests.test_ec8_api_spotcheck.TestUnauthenticated" name="test_employees_requires_auth" time="0.252" /><testcase classname="tests.test_ec8_api_spotcheck.TestUnauthenticated" name="test_create_employee_requires_auth" time="0.098" /><testcase classname="tests.test_ec8_api_spotcheck.TestOwnerFullAccess" name="test_dev_login_user_is_owner" time="0.411" /><testcase classname="tests.test_ec8_api_spotcheck.TestUnauthenticated" name="test_team_dashboard_requires_auth" time="0.142" /><testcase classname="tests.test_ec8_api_spotcheck.TestOwnerFullAccess" name="test_create_employee_and_verify_persistence" time="0.175" /><testcase classname="tests.test_ec8_api_spotcheck.TestUnauthenticated" name="test_announcements_requires_auth" time="0.097" /><testcase classname="tests.test_ec8_api_spotcheck.TestOwnerFullAccess" name="test_update_employee_persists" time="0.211" /><testcase classname="tests.test_ec8_api_spotcheck.TestRegressionSpotCheck" name="test_customers_list_loads" time="0.221" /><testcase classname="tests.test_ec8_api_spotcheck.TestOwnerFullAccess" name="test_status_change_flow_and_history" time="0.130" /><testcase classname="tests.test_ec8_api_spotcheck.TestRegressionSpotCheck" name="test_orders_list_loads" time="0.043" /><testcase classname="tests.test_ec8_api_spotcheck.TestRegressionSpotCheck" name="test_inventory_materials_loads" time="0.053" /><testcase classname="tests.test_ec8_api_spotcheck.TestOwnerFullAccess" name="test_status_change_same_status_rejected" time="0.087" /><testcase classname="tests.test_ec8_api_spotcheck.TestOwnerFullAccess" name="test_announcement_draft_then_publish" time="0.142" /><testcase classname="tests.test_ec8_api_spotcheck.TestOwnerFullAccess" name="test_team_dashboard_status_counts_shape" time="0.042" /></testsuite></testsuites>