<?xml version="1.0" encoding="utf-8"?><testsuites name="pytest tests"><testsuite name="pytest" errors="0" failures="0" skipped="0" tests="16" time="1.758" timestamp="2026-07-12T07:38:01.830528+00:00" hostname="agent-env-9f7008ee-1516-4797-8e67-c54d00f84638"><testcase classname="tests.test_ec8_team_foundation" name="test_announcement_draft_then_publish_delivers_to_linked_employee" time="0.073" /><testcase classname="tests.test_ec8_employees" name="test_employee_crud_happy_path" time="0.079" /><testcase classname="tests.test_ec8_team_foundation" name="test_announcement_cannot_publish_twice" time="0.011" /><testcase classname="tests.test_ec8_employees" name="test_default_hourly_rate_baseline_is_15_dollars" time="0.005" /><testcase classname="tests.test_ec8_employees" name="test_employee_tenant_isolation" time="0.008" /><testcase classname="tests.test_ec8_team_foundation" name="test_team_dashboard_aggregation_and_tenant_isolation" time="0.027" /><testcase classname="tests.test_ec8_employees" name="test_staff_role_lacks_employee_manage_by_default" time="0.003" /><testcase classname="tests.test_ec8_employees" name="test_linked_user_id_must_belong_to_same_tenant" time="0.014" /><testcase classname="tests.test_ec8_employees" name="test_linked_user_id_cannot_be_double_linked" time="0.007" /><testcase classname="tests.test_ec8_team_foundation" name="test_ec8_canonical_permissions_present" time="0.000" /><testcase classname="tests.test_ec8_team_foundation" name="test_superseded_ec1_permission_values_removed" time="0.001" /><testcase classname="tests.test_ec8_employees" name="test_status_transition_records_audit_and_history" time="0.010" /><testcase classname="tests.test_ec8_employees" name="test_duplicate_status_change_rejected" time="0.011" /><testcase classname="tests.test_ec8_employees" name="test_termination_sets_termination_date" time="0.008" /><testcase classname="tests.test_ec8_employees" name="test_status_counts_reflect_tenant_only" time="0.009" /><testcase classname="tests.test_ec8_employees" name="test_employee_requires_auth" time="0.002" /></testsuite></testsuites>