<?xml version="1.0" encoding="utf-8"?><testsuites name="pytest tests"><testsuite name="pytest" errors="0" failures="0" skipped="0" tests="39" time="3.566" timestamp="2026-07-12T08:50:59.402639+00:00" hostname="agent-env-2103ccbb-b5d3-4775-9657-17b94f80a7a5"><testcase classname="tests.test_ec8b_time_clock" name="test_self_clock_in_out_break_cycle" time="0.069" /><testcase classname="tests.test_ec8c_schedule" name="test_create_edit_cancel_shift" time="0.069" /><testcase classname="tests.test_ec8b_time_clock" name="test_duplicate_clock_in_rejected" time="0.011" /><testcase classname="tests.test_ec8c_schedule" name="test_duplicate_and_overlap_hard_blocked" time="0.021" /><testcase classname="tests.test_ec8b_time_clock" name="test_clock_out_while_not_active_rejected" time="0.007" /><testcase classname="tests.test_ec8b_time_clock" name="test_duplicate_break_rejected" time="0.015" /><testcase classname="tests.test_ec8c_schedule" name="test_invalid_start_end_rejected" time="0.016" /><testcase classname="tests.test_ec8b_time_clock" name="test_break_end_without_active_break_rejected" time="0.011" /><testcase classname="tests.test_ec8c_schedule" name="test_inactive_employee_rejected" time="0.015" /><testcase classname="tests.test_ec8b_time_clock" name="test_clock_out_auto_closes_active_break" time="0.016" /><testcase classname="tests.test_ec8c_schedule" name="test_cross_tenant_employee_rejected" time="0.016" /><testcase classname="tests.test_ec8b_time_clock" name="test_manager_can_clock_in_out_on_behalf_of_unlinked_employee" time="0.012" /><testcase classname="tests.test_ec8b_time_clock" name="test_employee_cannot_manage_another_employee" time="0.016" /><testcase classname="tests.test_ec8c_schedule" name="test_availability_warning_and_authorized_override" time="0.036" /><testcase classname="tests.test_ec8b_time_clock" name="test_tenant_isolation_on_entries" time="0.013" /><testcase classname="tests.test_ec8b_time_clock" name="test_correction_preserves_original_values_and_requires_reason" time="0.508" /><testcase classname="tests.test_ec8c_schedule" name="test_duplicate_submission_idempotency_via_copy" time="0.025" /><testcase classname="tests.test_ec8b_time_clock" name="test_correction_cross_tenant_rejected" time="0.015" /><testcase classname="tests.test_ec8c_schedule" name="test_multi_employee_assign" time="0.018" /><testcase classname="tests.test_ec8b_time_clock" name="test_overlapping_correction_rejected" time="0.023" /><testcase classname="tests.test_ec8c_schedule" name="test_copy_day" time="0.023" /><testcase classname="tests.test_ec8c_employee_portal" name="test_invite_is_idempotent" time="0.608" /><testcase classname="tests.test_ec8c_schedule" name="test_publish_draft_hidden_then_visible_and_republish_requires_change" time="0.043" /><testcase classname="tests.test_ec8c_schedule" name="test_schedule_read_permission_required_for_staff_role" time="0.012" /><testcase classname="tests.test_ec8b_timesheets" name="test_week_bounds_saturday_friday_pure" time="0.000" /><testcase classname="tests.test_ec8b_timesheets" name="test_daily_weekly_monthly_totals" time="0.025" /><testcase classname="tests.test_ec8b_timesheets" name="test_open_entry_counts_as_incomplete" time="0.011" /><testcase classname="tests.test_ec8b_timesheets" name="test_approve_locks_entries_reject_and_reopen_unlocks" time="0.031" /><testcase classname="tests.test_ec8b_timesheets" name="test_self_view_and_other_employee_privacy" time="0.007" /><testcase classname="tests.test_ec8c_employee_portal" name="test_activation_via_magic_link_and_customer_identity_untouched" time="0.183" /><testcase classname="tests.test_ec8c_employee_portal" name="test_employee_token_cannot_access_customer_portal_and_vice_versa" time="0.008" /><testcase classname="tests.test_ec8c_employee_portal" name="test_employee_sees_only_own_time_entries_and_no_arbitrary_employee_id" time="0.013" /><testcase classname="tests.test_ec8c_employee_portal" name="test_own_timesheet_visible_by_design" time="0.008" /><testcase classname="tests.test_ec8c_employee_portal" name="test_suspended_identity_denied" time="0.007" /><testcase classname="tests.test_ec8c_employee_portal" name="test_inactive_employee_denies_active_portal_identity" time="0.009" /><testcase classname="tests.test_ec8c_employee_portal" name="test_expired_invitation_denied" time="0.007" /><testcase classname="tests.test_ec8c_employee_portal" name="test_cross_tenant_token_denied" time="0.009" /><testcase classname="tests.test_ec8c_employee_portal" name="test_published_schedule_visible_draft_hidden_via_portal" time="0.195" /><testcase classname="tests.test_ec8c_employee_portal" name="test_announcement_targeting_in_portal" time="0.015" /></testsuite></testsuites>