<?xml version="1.0" encoding="utf-8"?><testsuites name="pytest tests"><testsuite name="pytest" errors="0" failures="0" skipped="0" tests="21" time="2.980" timestamp="2026-07-14T12:07:06.524793+00:00" hostname="agent-env-5adc053e-c10c-4edc-8cd7-b13a4662b3e6"><testcase classname="tests.test_ec9_phase9h_checkpoint_e2e.TestCalculatorCategories" name="test_banners_flat_sqft_positive_price" time="0.380" /><testcase classname="tests.test_ec9_phase9h_checkpoint_e2e.TestCalculatorCategories" name="test_banners_with_material_profile_and_component_changes_price" time="0.209" /><testcase classname="tests.test_ec9_phase9h_checkpoint_e2e.TestQuoteOrderIntegration" name="test_quote_line_item_has_snapshot_and_convert_preserves_price" time="0.815" /><testcase classname="tests.test_ec9_phase9h_checkpoint_e2e.TestCalculatorCategories" name="test_apparel_positive_price" time="0.066" /><testcase classname="tests.test_ec9_phase9h_checkpoint_e2e.TestCalculatorCategories" name="test_promotional_non_business_card_positive_price" time="0.058" /><testcase classname="tests.test_ec9_phase9h_checkpoint_e2e.TestCalculatorCategories" name="test_vehicle_graphics_positive_price" time="0.058" /><testcase classname="tests.test_ec9_phase9h_checkpoint_e2e.TestCalculatorCategories" name="test_services_positive_price" time="0.064" /><testcase classname="tests.test_ec9_phase9h_checkpoint_e2e.TestQuoteOrderIntegration" name="test_order_detailed_add_and_edit_category_inputs" time="0.195" /><testcase classname="tests.test_ec9_phase9h_checkpoint_e2e.TestCalculatorCategories" name="test_custom_unit_price_times_quantity_no_invented_cost" time="0.070" /><testcase classname="tests.test_ec9_phase9h_checkpoint_e2e.TestCalculatorCategories" name="test_manual_override_preserves_original_suggestion" time="0.106" /><testcase classname="tests.test_ec9_phase9h_checkpoint_e2e.TestQuoteOrderIntegration" name="test_recalculate_preview_reject_and_accept" time="0.292" /><testcase classname="tests.test_ec9_phase9h_checkpoint_e2e.TestMaterialsPricingProfilesAndComponents" name="test_create_material_pricing_profile_and_edit" time="0.491" /><testcase classname="tests.test_ec9_phase9h_checkpoint_e2e.TestPricingFoundation" name="test_settings_shop_defaults_and_categories_visible" time="0.049" /><testcase classname="tests.test_ec9_phase9h_checkpoint_e2e.TestPricingFoundation" name="test_shop_defaults_patch_persists" time="0.100" /><testcase classname="tests.test_ec9_phase9h_checkpoint_e2e.TestGroupedQuiz" name="test_submit_review_and_apply_selected_fields_only" time="0.256" /><testcase classname="tests.test_ec9_phase9h_checkpoint_e2e.TestMaterialsPricingProfilesAndComponents" name="test_create_pricing_component" time="0.099" /><testcase classname="tests.test_ec9_phase9h_checkpoint_e2e.TestCalculatorBusinessCardTiers" name="test_exact_tier_quantity_returns_exact_price" time="0.215" /><testcase classname="tests.test_ec9_phase9h_checkpoint_e2e.TestSavedItemsAndVariation" name="test_create_saved_item_then_variation_original_unchanged" time="0.245" /><testcase classname="tests.test_ec9_phase9h_checkpoint_e2e.TestCalculatorBusinessCardTiers" name="test_non_matching_quantity_requires_manual_price" time="0.116" /><testcase classname="tests.test_ec9_phase9h_checkpoint_e2e.TestSnapshotExplainAndCompare" name="test_explain_and_compare_deterministic" time="0.403" /><testcase classname="tests.test_ec9_phase9h_checkpoint_e2e.TestAdvisoryAlwaysUnavailable" name="test_advisory_request_returns_unavailable_and_never_mutates_price" time="0.350" /></testsuite></testsuites>