<?xml version="1.0" encoding="utf-8"?><testsuites name="pytest tests"><testsuite name="pytest" errors="0" failures="0" skipped="0" tests="6" time="4.441" timestamp="2026-07-13T13:52:31.515070+00:00" hostname="agent-env-2103ccbb-b5d3-4775-9657-17b94f80a7a5"><testcase classname="tests.test_live_foundation_hardening.TestTenantLogin" name="test_register_and_login_success" time="0.924" /><testcase classname="tests.test_live_foundation_hardening.TestPasswordResetFlow" name="test_full_reset_flow_and_token_reuse_blocked" time="2.900" /><testcase classname="tests.test_live_foundation_hardening.TestTenantLogin" name="test_login_wrong_shop_for_shared_email_fails" time="1.973" /><testcase classname="tests.test_live_foundation_hardening.TestTenantLogin" name="test_login_invalid_password_fails" time="0.692" /><testcase classname="tests.test_live_foundation_hardening.TestPasswordResetFlow" name="test_reset_uniform_response_for_unknown_shop" time="0.099" /><testcase classname="tests.test_live_foundation_hardening.TestVendorMaterialsRoute" name="test_vendors_materials_returns_items_not_404" time="0.367" /></testsuite></testsuites>