<?xml version="1.0" encoding="utf-8"?><testsuites name="pytest tests"><testsuite name="pytest" errors="0" failures="0" skipped="0" tests="12" time="2.407" timestamp="2026-07-12T14:06:09.232674+00:00" hostname="agent-env-2103ccbb-b5d3-4775-9657-17b94f80a7a5"><testcase classname="tests.test_ec8d_payroll" name="test_period_saturday_friday_boundary_friday_payday_and_no_overlap" time="0.065" /><testcase classname="tests.test_ec8d_payroll" name="test_recalculate_computes_regular_and_overtime_and_is_idempotent" time="0.038" /><testcase classname="tests.test_ec8d_payroll" name="test_approve_blocked_by_unresolved_warnings_then_authorized_override" time="0.032" /><testcase classname="tests.test_ec8d_payroll" name="test_rate_snapshot_stable_after_approval_despite_later_rate_change" time="0.045" /><testcase classname="tests.test_ec8d_payroll" name="test_recalculate_frozen_once_approved_reopen_requires_reason" time="0.048" /><testcase classname="tests.test_ec8d_payroll" name="test_manual_transactions_idempotent_and_ledger_append_only_on_void" time="0.054" /><testcase classname="tests.test_ec8d_payroll" name="test_status_derives_from_ledger_partially_paid_then_paid" time="0.052" /><testcase classname="tests.test_ec8d_payroll" name="test_close_blocked_by_unpaid_balance_then_override_creates_pending_carryover" time="0.053" /><testcase classname="tests.test_ec8d_payroll" name="test_carryover_links_immediately_when_next_period_already_exists" time="0.047" /><testcase classname="tests.test_ec8d_payroll" name="test_cross_tenant_and_rbac_enforcement" time="0.010" /><testcase classname="tests.test_ec8d_payroll" name="test_reports_registry_includes_payroll_and_export_reuses_ec7_infra" time="0.037" /><testcase classname="tests.test_ec8d_payroll" name="test_my_pay_self_scoped_and_field_allowlist" time="0.051" /></testsuite></testsuites>